c:\users\володимир майборода\downloads\rsa\rsa\rsa\debug\vc140.pdb
c:\users\володимир майборода\downloads\rsa\rsa\rsa\debug\vc140.idb
c:\users\володимир майборода\downloads\rsa\rsa\rsa\debug\math.obj
c:\users\володимир майборода\downloads\rsa\rsa\rsa\debug\rsa.obj
e:\2 курс 2 семестер\os\rsa\rsa\rsa\debug\vc140.pdb
e:\2 курс 2 семестер\os\rsa\rsa\rsa\debug\vc140.idb
e:\2 курс 2 семестер\os\rsa\rsa\rsa\debug\math.obj
e:\2 курс 2 семестер\os\rsa\rsa\rsa\debug\rsa.obj
c:\users\володимир майборода\downloads\rsa\rsa\debug\rsa.ilk
c:\users\володимир майборода\downloads\rsa\rsa\debug\rsa.dll
c:\users\володимир майборода\downloads\rsa\rsa\debug\rsa.pdb
e:\2 курс 2 семестер\os\rsa\rsa\debug\rsa.ilk
e:\2 курс 2 семестер\os\rsa\rsa\debug\rsa.dll
e:\2 курс 2 семестер\os\rsa\rsa\debug\rsa.pdb
c:\users\володимир майборода\downloads\rsa\rsa\debug\rsa.lib
c:\users\володимир майборода\downloads\rsa\rsa\debug\rsa.exp
e:\2 курс 2 семестер\os\rsa\rsa\debug\rsa.lib
e:\2 курс 2 семестер\os\rsa\rsa\debug\rsa.exp
e:\2 курс 2 семестер\os\rsa\rsa\rsa\debug\rsa.tlog\cl.command.1.tlog
e:\2 курс 2 семестер\os\rsa\rsa\rsa\debug\rsa.tlog\cl.read.1.tlog
e:\2 курс 2 семестер\os\rsa\rsa\rsa\debug\rsa.tlog\cl.write.1.tlog
e:\2 курс 2 семестер\os\rsa\rsa\rsa\debug\rsa.tlog\link.command.1.tlog
e:\2 курс 2 семестер\os\rsa\rsa\rsa\debug\rsa.tlog\link.read.1.tlog
e:\2 курс 2 семестер\os\rsa\rsa\rsa\debug\rsa.tlog\link.write.1.tlog
e:\2 курс 2 семестер\os\rsa\rsa\rsa\debug\rsa.tlog\rsa.write.1u.tlog
