c:\users\володимир майборода\downloads\rsa\rsa\staticrsa\debug\staticrsa.pch
c:\users\володимир майборода\downloads\rsa\rsa\staticrsa\debug\vc140.pdb
c:\users\володимир майборода\downloads\rsa\rsa\staticrsa\debug\vc140.idb
c:\users\володимир майборода\downloads\rsa\rsa\staticrsa\debug\stdafx.obj
c:\users\володимир майборода\downloads\rsa\rsa\staticrsa\debug\staticrsa.obj
e:\2 курс 2 семестер\os\rsa\rsa\staticrsa\debug\staticrsa.pch
e:\2 курс 2 семестер\os\rsa\rsa\staticrsa\debug\vc140.pdb
e:\2 курс 2 семестер\os\rsa\rsa\staticrsa\debug\vc140.idb
e:\2 курс 2 семестер\os\rsa\rsa\staticrsa\debug\stdafx.obj
e:\2 курс 2 семестер\os\rsa\rsa\staticrsa\debug\staticrsa.obj
c:\users\володимир майборода\downloads\rsa\rsa\debug\staticrsa.ilk
c:\users\володимир майборода\downloads\rsa\rsa\debug\staticrsa.exe
c:\users\володимир майборода\downloads\rsa\rsa\debug\staticrsa.pdb
e:\2 курс 2 семестер\os\rsa\rsa\debug\staticrsa.ilk
e:\2 курс 2 семестер\os\rsa\rsa\debug\staticrsa.exe
e:\2 курс 2 семестер\os\rsa\rsa\debug\staticrsa.pdb
e:\2 курс 2 семестер\os\rsa\rsa\staticrsa\debug\staticrsa.vcxprojresolveassemblyreference.cache
e:\2 курс 2 семестер\os\rsa\rsa\staticrsa\debug\staticrsa.tlog\cl.command.1.tlog
e:\2 курс 2 семестер\os\rsa\rsa\staticrsa\debug\staticrsa.tlog\cl.read.1.tlog
e:\2 курс 2 семестер\os\rsa\rsa\staticrsa\debug\staticrsa.tlog\cl.write.1.tlog
e:\2 курс 2 семестер\os\rsa\rsa\staticrsa\debug\staticrsa.tlog\link.command.1.tlog
e:\2 курс 2 семестер\os\rsa\rsa\staticrsa\debug\staticrsa.tlog\link.read.1.tlog
e:\2 курс 2 семестер\os\rsa\rsa\staticrsa\debug\staticrsa.tlog\link.write.1.tlog
